2016-06-15 18:29:35,886 [INFO] from play.core.server.NettyServer in play-fork-run-akka.actor.default-dispatcher-8 - Listening for HTTP on /0:0:0:0:0:0:0:0:9000
2016-06-15 18:29:43,822 [ERROR] from application in netty-event-loop-3 - 

! @70din2o1g - Internal server error, for (GET) [/] ->
 
play.forkrun.protocol.Serializers$playExceptionPickler$$anon$1: Compilation error[value index is not a member of controllers.ReverseHomeController]
	at play.forkrun.protocol.Serializers$playExceptionPickler$.unpickle(Serializers.scala:159)
	at play.forkrun.protocol.Serializers$PlayRunsupportReloaderCompileFailureUnpickler$macro$56$2$.unpickle(Serializers.scala:175)
	at play.forkrun.protocol.Serializers$PlayRunsupportReloaderCompileResultUnpickler$macro$66$2$.unpickle(Serializers.scala:181)
	at scala.pickling.Unpickler$class.unpickleEntry(Pickler.scala:79)
	at play.forkrun.protocol.Serializers$PlayRunsupportReloaderCompileResultUnpickler$macro$66$2$.unpickleEntry(Serializers.scala:181)
	at scala.pickling.functions$.unpickle(functions.scala:11)
	at sbt.serialization.JsonValue$$anonfun$parse$1.apply(SerializedValue.scala:104)
	at scala.util.Try$.apply(Try.scala:192)
	at sbt.serialization.JsonValue.parse(SerializedValue.scala:104)
	at sbt.protocol.BuildValue.value(Values.scala:11)
	at sbt.protocol.TaskSuccess.resultWithCustomThrowable(Values.scala:65)
	at sbt.protocol.TaskResult$class.result(Values.scala:56)
	at sbt.protocol.TaskSuccess.result(Values.scala:62)
	at play.forkrun.ForkRun$$anonfun$reloading$1.applyOrElse(ForkRun.scala:198)
	at akka.actor.Actor$class.aroundReceive(Actor.scala:465)
	at play.forkrun.ForkRun.aroundReceive(ForkRun.scala:153)
	at akka.actor.ActorCell.receiveMessage(ActorCell.scala:516)
	at akka.actor.ActorCell.invoke(ActorCell.scala:487)
	at akka.dispatch.Mailbox.processMailbox(Mailbox.scala:254)
	at akka.dispatch.Mailbox.run(Mailbox.scala:221)
	at akka.dispatch.Mailbox.exec(Mailbox.scala:231)
	at scala.concurrent.forkjoin.ForkJoinTask.doExec(ForkJoinTask.java:260)
	at scala.concurrent.forkjoin.ForkJoinPool$WorkQueue.pollAndExecAll(ForkJoinPool.java:1253)
	at scala.concurrent.forkjoin.ForkJoinPool$WorkQueue.runTask(ForkJoinPool.java:1346)
	at scala.concurrent.forkjoin.ForkJoinPool.runWorker(ForkJoinPool.java:1979)
	at scala.concurrent.forkjoin.ForkJoinWorkerThread.run(ForkJoinWorkerThread.java:107)
2016-06-15 18:30:53,262 [WARN] from application in ForkJoinPool-1-worker-2 - application.conf @ file:/C:/Users/echungath/workspaceForScala/play-person-crud/target/scala-2.11/classes/application.conf: 16: user is deprecated, use username instead
2016-06-15 18:30:53,276 [INFO] from application in ForkJoinPool-1-worker-2 - Creating Pool for datasource 'default'
2016-06-15 18:30:53,615 [INFO] from play.api.db.DefaultDBApi in ForkJoinPool-1-worker-2 - Database [default] connected at jdbc:mysql://localhost/my_db
2016-06-15 18:30:55,003 [INFO] from play.api.Play in ForkJoinPool-1-worker-2 - Application started (Dev)
2016-06-15 18:33:25,380 [INFO] from application in application-akka.actor.default-dispatcher-3 - Shutting down connection pool.
2016-06-15 18:33:25,564 [WARN] from application in application-akka.actor.default-dispatcher-3 - application.conf @ file:/C:/Users/echungath/workspaceForScala/play-person-crud/target/scala-2.11/classes/application.conf: 16: user is deprecated, use username instead
2016-06-15 18:33:25,565 [INFO] from application in application-akka.actor.default-dispatcher-3 - Creating Pool for datasource 'default'
2016-06-15 18:33:25,582 [INFO] from play.api.db.DefaultDBApi in application-akka.actor.default-dispatcher-3 - Database [default] connected at jdbc:mysql://localhost/my_db
2016-06-15 18:33:25,824 [INFO] from play.api.Play in application-akka.actor.default-dispatcher-3 - Application started (Dev)
